
10월 15, 2024 17:22:46.155 NEW SESSION
10월 15, 2024 17:22:46.155 Created TensorFlow Lite XNNPACK delegate for CPU.
10월 15, 2024 17:22:46.385 [13268:14772:1015/172246.385:ERROR:registration_request.cc(291)] Registration response error message: DEPRECATED_ENDPOINT
10월 15, 2024 17:23:14.684 [13268:14772:1015/172314.684:ERROR:registration_request.cc(291)] Registration response error message: DEPRECATED_ENDPOINT
10월 15, 2024 17:24:00.901 [13268:14772:1015/172400.901:ERROR:registration_request.cc(291)] Registration response error message: DEPRECATED_ENDPOINT
10월 15, 2024 17:25:21.717 Created TensorFlow Lite XNNPACK delegate for CPU.
10월 15, 2024 17:25:21.964 [9436:7260:1015/172521.964:ERROR:registration_request.cc(291)] Registration response error message: DEPRECATED_ENDPOINT
10월 15, 2024 17:25:47.132 [9436:7260:1015/172547.132:ERROR:registration_request.cc(291)] Registration response error message: DEPRECATED_ENDPOINT
10월 15, 2024 17:26:36.409 [9436:7260:1015/172636.409:ERROR:registration_request.cc(291)] Registration response error message: DEPRECATED_ENDPOINT
10월 15, 2024 17:28:19.121 [9436:7260:1015/172819.121:ERROR:registration_request.cc(291)] Registration response error message: DEPRECATED_ENDPOINT
10월 15, 2024 17:31:37.126 [9436:7260:1015/173137.126:ERROR:registration_request.cc(291)] Registration response error message: DEPRECATED_ENDPOINT
10월 15, 2024 17:37:49.210 [9436:7260:1015/173749.210:ERROR:registration_request.cc(291)] Registration response error message: DEPRECATED_ENDPOINT
10월 15, 2024 17:40:09.965 [9436:5044:1015/174009.965:ERROR:CONSOLE(1)] "Unknown VE context: language-mismatch", source: devtools://devtools/bundled/devtools-frontend/front_end/ui/visual_logging/visual_logging.js (1)
10월 15, 2024 17:40:10.493 [9436:5044:1015/174010.492:ERROR:CONSOLE(1)] "Unknown VE context: language-mismatch", source: devtools://devtools/bundled/devtools-frontend/front_end/ui/visual_logging/visual_logging.js (1)
10월 15, 2024 17:40:11.967 [9436:5044:1015/174011.967:ERROR:CONSOLE(1)] "Unknown VE context: language-mismatch", source: devtools://devtools/bundled/devtools-frontend/front_end/ui/visual_logging/visual_logging.js (1)
10월 15, 2024 17:40:12.615 [9436:5044:1015/174012.615:ERROR:CONSOLE(1)] "Unknown VE context: language-mismatch", source: devtools://devtools/bundled/devtools-frontend/front_end/ui/visual_logging/visual_logging.js (1)
10월 15, 2024 17:40:13.349 [9436:5044:1015/174013.349:ERROR:CONSOLE(1)] "Unknown VE context: language-mismatch", source: devtools://devtools/bundled/devtools-frontend/front_end/ui/visual_logging/visual_logging.js (1)
10월 15, 2024 17:40:13.932 [9436:5044:1015/174013.932:ERROR:CONSOLE(1)] "Unknown VE context: language-mismatch", source: devtools://devtools/bundled/devtools-frontend/front_end/ui/visual_logging/visual_logging.js (1)
10월 15, 2024 17:40:14.537 [9436:5044:1015/174014.537:ERROR:CONSOLE(1)] "Unknown VE context: language-mismatch", source: devtools://devtools/bundled/devtools-frontend/front_end/ui/visual_logging/visual_logging.js (1)
10월 15, 2024 17:40:16.367 [9436:5044:1015/174016.367:ERROR:CONSOLE(1)] "Unknown VE context: language-mismatch", source: devtools://devtools/bundled/devtools-frontend/front_end/ui/visual_logging/visual_logging.js (1)
10월 15, 2024 17:40:36.149 [9436:5044:1015/174036.149:ERROR:CONSOLE(1)] "Unknown VE context: language-mismatch", source: devtools://devtools/bundled/devtools-frontend/front_end/ui/visual_logging/visual_logging.js (1)
10월 15, 2024 17:40:38.105 [9436:5044:1015/174038.105:ERROR:CONSOLE(1)] "Unknown VE context: language-mismatch", source: devtools://devtools/bundled/devtools-frontend/front_end/ui/visual_logging/visual_logging.js (1)
10월 15, 2024 17:40:39.90 [9436:5044:1015/174039.090:ERROR:CONSOLE(1)] "Unknown VE context: language-mismatch", source: devtools://devtools/bundled/devtools-frontend/front_end/ui/visual_logging/visual_logging.js (1)
10월 15, 2024 17:40:40.623 [9436:5044:1015/174040.623:ERROR:CONSOLE(1)] "Unknown VE context: language-mismatch", source: devtools://devtools/bundled/devtools-frontend/front_end/ui/visual_logging/visual_logging.js (1)
10월 15, 2024 17:40:41.141 [9436:5044:1015/174041.141:ERROR:CONSOLE(1)] "Unknown VE context: language-mismatch", source: devtools://devtools/bundled/devtools-frontend/front_end/ui/visual_logging/visual_logging.js (1)
10월 15, 2024 17:40:42.140 [9436:5044:1015/174042.140:ERROR:CONSOLE(1)] "Unknown VE context: language-mismatch", source: devtools://devtools/bundled/devtools-frontend/front_end/ui/visual_logging/visual_logging.js (1)
10월 15, 2024 17:41:27.854 [9436:5044:1015/174127.854:ERROR:CONSOLE(1)] "Unknown VE context: language-mismatch", source: devtools://devtools/bundled/devtools-frontend/front_end/ui/visual_logging/visual_logging.js (1)
10월 15, 2024 17:41:28.367 [9436:5044:1015/174128.367:ERROR:CONSOLE(1)] "Unknown VE context: language-mismatch", source: devtools://devtools/bundled/devtools-frontend/front_end/ui/visual_logging/visual_logging.js (1)
10월 15, 2024 17:41:37.751 [9436:5044:1015/174137.750:ERROR:CONSOLE(1)] "Unknown VE context: language-mismatch", source: devtools://devtools/bundled/devtools-frontend/front_end/ui/visual_logging/visual_logging.js (1)
10월 15, 2024 17:41:38.266 [9436:5044:1015/174138.265:ERROR:CONSOLE(1)] "Unknown VE context: language-mismatch", source: devtools://devtools/bundled/devtools-frontend/front_end/ui/visual_logging/visual_logging.js (1)

10월 22, 2024 15:06:43.948 NEW SESSION
10월 22, 2024 15:06:43.948 Created TensorFlow Lite XNNPACK delegate for CPU.
10월 22, 2024 15:06:44.147 [6808:9712:1022/150644.147:ERROR:registration_request.cc(291)] Registration response error message: DEPRECATED_ENDPOINT
10월 22, 2024 15:07:04.917 [6808:9712:1022/150704.916:ERROR:connection_factory_impl.cc(434)] Failed to connect to MCS endpoint with error -118
10월 22, 2024 15:07:09.182 [6808:9712:1022/150709.181:ERROR:registration_request.cc(291)] Registration response error message: DEPRECATED_ENDPOINT
10월 22, 2024 15:07:28.955 [6808:9092:1022/150728.955:ERROR:interface_endpoint_client.cc(725)] Message 1 rejected by interface blink.mojom.WidgetHost
10월 22, 2024 15:07:28.955 [6808:9092:1022/150728.955:ERROR:interface_endpoint_client.cc(725)] Message 1 rejected by interface blink.mojom.WidgetHost
10월 22, 2024 15:07:50.326 [6808:9712:1022/150750.325:ERROR:registration_request.cc(291)] Registration response error message: DEPRECATED_ENDPOINT
10월 22, 2024 15:09:22.789 [6808:9712:1022/150922.789:ERROR:registration_request.cc(291)] Registration response error message: DEPRECATED_ENDPOINT
10월 22, 2024 15:12:54.879 [6808:9712:1022/151254.879:ERROR:registration_request.cc(291)] Registration response error message: DEPRECATED_ENDPOINT
10월 22, 2024 15:18:38.920 [6808:9712:1022/151838.920:ERROR:registration_request.cc(291)] Registration response error message: DEPRECATED_ENDPOINT
10월 22, 2024 15:46:05.322 [6808:9092:1022/154605.321:ERROR:CONSOLE(1)] "Unknown VE context: language-mismatch", source: devtools://devtools/bundled/devtools-frontend/front_end/ui/visual_logging/visual_logging.js (1)
10월 22, 2024 15:46:05.842 [6808:9092:1022/154605.841:ERROR:CONSOLE(1)] "Unknown VE context: language-mismatch", source: devtools://devtools/bundled/devtools-frontend/front_end/ui/visual_logging/visual_logging.js (1)
10월 22, 2024 15:50:11.827 [6808:9092:1022/155011.827:ERROR:CONSOLE(1)] "Unknown VE context: language-mismatch", source: devtools://devtools/bundled/devtools-frontend/front_end/ui/visual_logging/visual_logging.js (1)
10월 22, 2024 15:50:12.359 [6808:9092:1022/155012.359:ERROR:CONSOLE(1)] "Unknown VE context: language-mismatch", source: devtools://devtools/bundled/devtools-frontend/front_end/ui/visual_logging/visual_logging.js (1)
10월 22, 2024 15:50:13.139 [6808:9092:1022/155013.139:ERROR:CONSOLE(1)] "Unknown VE context: language-mismatch", source: devtools://devtools/bundled/devtools-frontend/front_end/ui/visual_logging/visual_logging.js (1)
10월 22, 2024 15:50:13.656 [6808:9092:1022/155013.656:ERROR:CONSOLE(1)] "Unknown VE context: language-mismatch", source: devtools://devtools/bundled/devtools-frontend/front_end/ui/visual_logging/visual_logging.js (1)
10월 22, 2024 15:50:14.345 [6808:9092:1022/155014.345:ERROR:CONSOLE(1)] "Unknown VE context: language-mismatch", source: devtools://devtools/bundled/devtools-frontend/front_end/ui/visual_logging/visual_logging.js (1)
10월 22, 2024 15:50:15.708 [6808:9092:1022/155015.707:ERROR:CONSOLE(1)] "Unknown VE context: language-mismatch", source: devtools://devtools/bundled/devtools-frontend/front_end/ui/visual_logging/visual_logging.js (1)
10월 22, 2024 15:50:16.591 [6808:9092:1022/155016.591:ERROR:CONSOLE(1)] "Unknown VE context: language-mismatch", source: devtools://devtools/bundled/devtools-frontend/front_end/ui/visual_logging/visual_logging.js (1)
10월 22, 2024 15:50:19.462 [6808:9092:1022/155019.461:ERROR:CONSOLE(1)] "Unknown VE context: language-mismatch", source: devtools://devtools/bundled/devtools-frontend/front_end/ui/visual_logging/visual_logging.js (1)
10월 22, 2024 15:50:21.942 [6808:9092:1022/155021.942:ERROR:CONSOLE(1)] "Unknown VE context: language-mismatch", source: devtools://devtools/bundled/devtools-frontend/front_end/ui/visual_logging/visual_logging.js (1)
10월 22, 2024 15:50:23.710 [6808:9092:1022/155023.710:ERROR:CONSOLE(1)] "Unknown VE context: language-mismatch", source: devtools://devtools/bundled/devtools-frontend/front_end/ui/visual_logging/visual_logging.js (1)
10월 22, 2024 15:50:24.459 [6808:9092:1022/155024.458:ERROR:CONSOLE(1)] "Unknown VE context: language-mismatch", source: devtools://devtools/bundled/devtools-frontend/front_end/ui/visual_logging/visual_logging.js (1)
10월 22, 2024 15:50:25.140 [6808:9092:1022/155025.139:ERROR:CONSOLE(1)] "Unknown VE context: language-mismatch", source: devtools://devtools/bundled/devtools-frontend/front_end/ui/visual_logging/visual_logging.js (1)
10월 22, 2024 15:50:25.978 [6808:9092:1022/155025.977:ERROR:CONSOLE(1)] "Unknown VE context: language-mismatch", source: devtools://devtools/bundled/devtools-frontend/front_end/ui/visual_logging/visual_logging.js (1)
10월 22, 2024 15:50:26.610 [6808:9092:1022/155026.609:ERROR:CONSOLE(1)] "Unknown VE context: language-mismatch", source: devtools://devtools/bundled/devtools-frontend/front_end/ui/visual_logging/visual_logging.js (1)
10월 22, 2024 15:50:27.746 [6808:9092:1022/155027.746:ERROR:CONSOLE(1)] "Unknown VE context: language-mismatch", source: devtools://devtools/bundled/devtools-frontend/front_end/ui/visual_logging/visual_logging.js (1)
10월 22, 2024 15:50:28.359 [6808:9092:1022/155028.359:ERROR:CONSOLE(1)] "Unknown VE context: language-mismatch", source: devtools://devtools/bundled/devtools-frontend/front_end/ui/visual_logging/visual_logging.js (1)
10월 22, 2024 15:50:28.944 [6808:9092:1022/155028.943:ERROR:CONSOLE(1)] "Unknown VE context: language-mismatch", source: devtools://devtools/bundled/devtools-frontend/front_end/ui/visual_logging/visual_logging.js (1)
10월 22, 2024 15:50:29.458 [6808:9092:1022/155029.457:ERROR:CONSOLE(1)] "Unknown VE context: language-mismatch", source: devtools://devtools/bundled/devtools-frontend/front_end/ui/visual_logging/visual_logging.js (1)
10월 22, 2024 15:50:30.89 [6808:9092:1022/155030.089:ERROR:CONSOLE(1)] "Unknown VE context: language-mismatch", source: devtools://devtools/bundled/devtools-frontend/front_end/ui/visual_logging/visual_logging.js (1)
10월 22, 2024 15:50:30.808 [6808:9092:1022/155030.808:ERROR:CONSOLE(1)] "Unknown VE context: language-mismatch", source: devtools://devtools/bundled/devtools-frontend/front_end/ui/visual_logging/visual_logging.js (1)
10월 22, 2024 15:50:31.524 [6808:9092:1022/155031.524:ERROR:CONSOLE(1)] "Unknown VE context: language-mismatch", source: devtools://devtools/bundled/devtools-frontend/front_end/ui/visual_logging/visual_logging.js (1)
10월 22, 2024 15:50:32.62 [6808:9092:1022/155032.061:ERROR:CONSOLE(1)] "Unknown VE context: language-mismatch", source: devtools://devtools/bundled/devtools-frontend/front_end/ui/visual_logging/visual_logging.js (1)
10월 22, 2024 15:50:32.856 [6808:9092:1022/155032.856:ERROR:CONSOLE(1)] "Unknown VE context: language-mismatch", source: devtools://devtools/bundled/devtools-frontend/front_end/ui/visual_logging/visual_logging.js (1)
10월 22, 2024 15:50:33.460 [6808:9092:1022/155033.459:ERROR:CONSOLE(1)] "Unknown VE context: language-mismatch", source: devtools://devtools/bundled/devtools-frontend/front_end/ui/visual_logging/visual_logging.js (1)
10월 22, 2024 15:50:35.699 [6808:9092:1022/155035.699:ERROR:CONSOLE(1)] "Unknown VE context: language-mismatch", source: devtools://devtools/bundled/devtools-frontend/front_end/ui/visual_logging/visual_logging.js (1)
10월 22, 2024 15:50:36.706 [6808:9092:1022/155036.706:ERROR:CONSOLE(1)] "Unknown VE context: language-mismatch", source: devtools://devtools/bundled/devtools-frontend/front_end/ui/visual_logging/visual_logging.js (1)
10월 22, 2024 15:51:48.289 [6808:9092:1022/155148.289:ERROR:CONSOLE(1)] "Unknown VE context: language-mismatch", source: devtools://devtools/bundled/devtools-frontend/front_end/ui/visual_logging/visual_logging.js (1)
10월 22, 2024 15:51:49.194 [6808:9092:1022/155149.193:ERROR:CONSOLE(1)] "Unknown VE context: language-mismatch", source: devtools://devtools/bundled/devtools-frontend/front_end/ui/visual_logging/visual_logging.js (1)
10월 22, 2024 15:58:23.978 [6808:9092:1022/155823.978:ERROR:CONSOLE(1)] "Unknown VE context: language-mismatch", source: devtools://devtools/bundled/devtools-frontend/front_end/ui/visual_logging/visual_logging.js (1)
10월 22, 2024 15:58:24.494 [6808:9092:1022/155824.494:ERROR:CONSOLE(1)] "Unknown VE context: language-mismatch", source: devtools://devtools/bundled/devtools-frontend/front_end/ui/visual_logging/visual_logging.js (1)
10월 22, 2024 15:58:25.893 [6808:9092:1022/155825.893:ERROR:CONSOLE(1)] "Unknown VE context: language-mismatch", source: devtools://devtools/bundled/devtools-frontend/front_end/ui/visual_logging/visual_logging.js (1)
10월 22, 2024 15:58:26.427 [6808:9092:1022/155826.426:ERROR:CONSOLE(1)] "Unknown VE context: language-mismatch", source: devtools://devtools/bundled/devtools-frontend/front_end/ui/visual_logging/visual_logging.js (1)
10월 22, 2024 15:58:27.95 [6808:9092:1022/155827.095:ERROR:CONSOLE(1)] "Unknown VE context: language-mismatch", source: devtools://devtools/bundled/devtools-frontend/front_end/ui/visual_logging/visual_logging.js (1)
10월 22, 2024 15:58:27.774 [6808:9092:1022/155827.774:ERROR:CONSOLE(1)] "Unknown VE context: language-mismatch", source: devtools://devtools/bundled/devtools-frontend/front_end/ui/visual_logging/visual_logging.js (1)
10월 22, 2024 15:58:28.393 [6808:9092:1022/155828.392:ERROR:CONSOLE(1)] "Unknown VE context: language-mismatch", source: devtools://devtools/bundled/devtools-frontend/front_end/ui/visual_logging/visual_logging.js (1)
10월 22, 2024 15:58:29.441 [6808:9092:1022/155829.440:ERROR:CONSOLE(1)] "Unknown VE context: language-mismatch", source: devtools://devtools/bundled/devtools-frontend/front_end/ui/visual_logging/visual_logging.js (1)

10월 23, 2024 09:40:28.19 NEW SESSION
10월 23, 2024 09:40:28.19 Created TensorFlow Lite XNNPACK delegate for CPU.
10월 23, 2024 09:40:28.284 [16844:17344:1023/094028.284:ERROR:registration_request.cc(291)] Registration response error message: DEPRECATED_ENDPOINT
10월 23, 2024 09:40:55.908 [16844:17344:1023/094055.908:ERROR:registration_request.cc(291)] Registration response error message: DEPRECATED_ENDPOINT
10월 23, 2024 09:41:38.648 [16844:17344:1023/094138.648:ERROR:registration_request.cc(291)] Registration response error message: DEPRECATED_ENDPOINT
10월 23, 2024 09:43:29.412 [16844:17344:1023/094329.412:ERROR:registration_request.cc(291)] Registration response error message: DEPRECATED_ENDPOINT
10월 23, 2024 09:44:23.512 Created TensorFlow Lite XNNPACK delegate for CPU.
10월 23, 2024 09:44:23.721 [14952:7312:1023/094423.721:ERROR:registration_request.cc(291)] Registration response error message: DEPRECATED_ENDPOINT
10월 23, 2024 09:44:39.165 [14952:14700:1023/094439.164:ERROR:CONSOLE(1)] "Unknown VE context: language-mismatch    at new He (devtools://devtools/bundled/devtools-frontend/front_end/ui/legacy/legacy.js:1:98356)
10월 23, 2024 09:44:39.165     at devtools://devtools/bundled/devtools-frontend/front_end/ui/legacy/legacy.js:1:191793
10월 23, 2024 09:44:39.165     at new oi (devtools://devtools/bundled/devtools-frontend/front_end/ui/legacy/legacy.js:1:192189)
10월 23, 2024 09:44:39.165     at oi.instance (devtools://devtools/bundled/devtools-frontend/front_end/ui/legacy/legacy.js:1:192311)
10월 23, 2024 09:44:39.165     at O.presentUI (devtools://devtools/bundled/devtools-frontend/front_end/panels/emulation/emulation.js:1:58454)
10월 23, 2024 09:44:39.165     at #I (devtools://devtools/bundled/devtools-frontend/front_end/entrypoints/main/main.js:1:17314)
10월 23, 2024 09:44:39.166     at #x (devtools://devtools/bundled/devtools-frontend/front_end/entrypoints/main/main.js:1:17109)", source: devtools://devtools/bundled/devtools-frontend/front_end/ui/visual_logging/visual_logging.js (1)
10월 23, 2024 09:44:47.926 [14952:7312:1023/094447.926:ERROR:registration_request.cc(291)] Registration response error message: DEPRECATED_ENDPOINT
10월 23, 2024 09:45:19.140 Created TensorFlow Lite XNNPACK delegate for CPU.
10월 23, 2024 09:45:19.406 [10140:12240:1023/094519.406:ERROR:registration_request.cc(291)] Registration response error message: DEPRECATED_ENDPOINT
10월 23, 2024 09:45:48.74 [10140:12240:1023/094548.074:ERROR:registration_request.cc(291)] Registration response error message: DEPRECATED_ENDPOINT
10월 23, 2024 09:46:42.98 [10140:12240:1023/094642.098:ERROR:registration_request.cc(291)] Registration response error message: DEPRECATED_ENDPOINT
10월 23, 2024 09:48:12.398 [10140:12240:1023/094812.398:ERROR:registration_request.cc(291)] Registration response error message: DEPRECATED_ENDPOINT
10월 23, 2024 09:51:14.838 [10140:12240:1023/095114.838:ERROR:registration_request.cc(291)] Registration response error message: DEPRECATED_ENDPOINT
10월 23, 2024 09:58:24.315 [10140:12240:1023/095824.315:ERROR:registration_request.cc(291)] Registration response error message: QUOTA_EXCEEDED
10월 23, 2024 10:14:22.390 [10140:14928:1023/101422.389:ERROR:CONSOLE(1)] "Unknown VE context: language-mismatch    at new He (devtools://devtools/bundled/devtools-frontend/front_end/ui/legacy/legacy.js:1:98356)
10월 23, 2024 10:14:22.390     at devtools://devtools/bundled/devtools-frontend/front_end/ui/legacy/legacy.js:1:191793
10월 23, 2024 10:14:22.390     at new oi (devtools://devtools/bundled/devtools-frontend/front_end/ui/legacy/legacy.js:1:192189)
10월 23, 2024 10:14:22.390     at oi.instance (devtools://devtools/bundled/devtools-frontend/front_end/ui/legacy/legacy.js:1:192311)
10월 23, 2024 10:14:22.390     at O.presentUI (devtools://devtools/bundled/devtools-frontend/front_end/panels/emulation/emulation.js:1:58454)
10월 23, 2024 10:14:22.390     at #I (devtools://devtools/bundled/devtools-frontend/front_end/entrypoints/main/main.js:1:17314)
10월 23, 2024 10:14:22.390     at #x (devtools://devtools/bundled/devtools-frontend/front_end/entrypoints/main/main.js:1:17109)", source: devtools://devtools/bundled/devtools-frontend/front_end/ui/visual_logging/visual_logging.js (1)
10월 23, 2024 10:23:31.456 [10140:14928:1023/102331.455:ERROR:CONSOLE(1)] "Unknown VE context: language-mismatch    at new He (devtools://devtools/bundled/devtools-frontend/front_end/ui/legacy/legacy.js:1:98356)
10월 23, 2024 10:23:31.456     at devtools://devtools/bundled/devtools-frontend/front_end/ui/legacy/legacy.js:1:191793
10월 23, 2024 10:23:31.456     at new oi (devtools://devtools/bundled/devtools-frontend/front_end/ui/legacy/legacy.js:1:192189)
10월 23, 2024 10:23:31.456     at oi.instance (devtools://devtools/bundled/devtools-frontend/front_end/ui/legacy/legacy.js:1:192311)
10월 23, 2024 10:23:31.456     at O.presentUI (devtools://devtools/bundled/devtools-frontend/front_end/panels/emulation/emulation.js:1:58454)
10월 23, 2024 10:23:31.456     at #I (devtools://devtools/bundled/devtools-frontend/front_end/entrypoints/main/main.js:1:17314)
10월 23, 2024 10:23:31.456     at #x (devtools://devtools/bundled/devtools-frontend/front_end/entrypoints/main/main.js:1:17109)", source: devtools://devtools/bundled/devtools-frontend/front_end/ui/visual_logging/visual_logging.js (1)
10월 23, 2024 10:31:24.252 [10140:14928:1023/103124.251:ERROR:CONSOLE(1)] "Unknown VE context: language-mismatch    at new He (devtools://devtools/bundled/devtools-frontend/front_end/ui/legacy/legacy.js:1:98356)
10월 23, 2024 10:31:24.253     at devtools://devtools/bundled/devtools-frontend/front_end/ui/legacy/legacy.js:1:191793
10월 23, 2024 10:31:24.253     at new oi (devtools://devtools/bundled/devtools-frontend/front_end/ui/legacy/legacy.js:1:192189)
10월 23, 2024 10:31:24.253     at oi.instance (devtools://devtools/bundled/devtools-frontend/front_end/ui/legacy/legacy.js:1:192311)
10월 23, 2024 10:31:24.253     at O.presentUI (devtools://devtools/bundled/devtools-frontend/front_end/panels/emulation/emulation.js:1:58454)
10월 23, 2024 10:31:24.253     at #I (devtools://devtools/bundled/devtools-frontend/front_end/entrypoints/main/main.js:1:17314)
10월 23, 2024 10:31:24.253     at #x (devtools://devtools/bundled/devtools-frontend/front_end/entrypoints/main/main.js:1:17109)", source: devtools://devtools/bundled/devtools-frontend/front_end/ui/visual_logging/visual_logging.js (1)
10월 23, 2024 10:44:12.483 [10140:14928:1023/104412.483:ERROR:CONSOLE(1)] "Unknown VE context: language-mismatch    at new He (devtools://devtools/bundled/devtools-frontend/front_end/ui/legacy/legacy.js:1:98356)
10월 23, 2024 10:44:12.484     at devtools://devtools/bundled/devtools-frontend/front_end/ui/legacy/legacy.js:1:191793
10월 23, 2024 10:44:12.484     at new oi (devtools://devtools/bundled/devtools-frontend/front_end/ui/legacy/legacy.js:1:192189)
10월 23, 2024 10:44:12.484     at oi.instance (devtools://devtools/bundled/devtools-frontend/front_end/ui/legacy/legacy.js:1:192311)
10월 23, 2024 10:44:12.484     at O.presentUI (devtools://devtools/bundled/devtools-frontend/front_end/panels/emulation/emulation.js:1:58454)
10월 23, 2024 10:44:12.484     at #I (devtools://devtools/bundled/devtools-frontend/front_end/entrypoints/main/main.js:1:17314)
10월 23, 2024 10:44:12.485     at #x (devtools://devtools/bundled/devtools-frontend/front_end/entrypoints/main/main.js:1:17109)", source: devtools://devtools/bundled/devtools-frontend/front_end/ui/visual_logging/visual_logging.js (1)
10월 23, 2024 10:45:41.510 [10140:14928:1023/104541.510:ERROR:CONSOLE(1)] "Unknown VE context: language-mismatch    at new He (devtools://devtools/bundled/devtools-frontend/front_end/ui/legacy/legacy.js:1:98356)
10월 23, 2024 10:45:41.511     at devtools://devtools/bundled/devtools-frontend/front_end/ui/legacy/legacy.js:1:191793
10월 23, 2024 10:45:41.511     at new oi (devtools://devtools/bundled/devtools-frontend/front_end/ui/legacy/legacy.js:1:192189)
10월 23, 2024 10:45:41.511     at oi.instance (devtools://devtools/bundled/devtools-frontend/front_end/ui/legacy/legacy.js:1:192311)
10월 23, 2024 10:45:41.511     at O.presentUI (devtools://devtools/bundled/devtools-frontend/front_end/panels/emulation/emulation.js:1:58454)
10월 23, 2024 10:45:41.511     at #I (devtools://devtools/bundled/devtools-frontend/front_end/entrypoints/main/main.js:1:17314)
10월 23, 2024 10:45:41.511     at #x (devtools://devtools/bundled/devtools-frontend/front_end/entrypoints/main/main.js:1:17109)", source: devtools://devtools/bundled/devtools-frontend/front_end/ui/visual_logging/visual_logging.js (1)
10월 23, 2024 10:58:56.73 Created TensorFlow Lite XNNPACK delegate for CPU.
10월 23, 2024 10:58:56.348 [15092:5972:1023/105856.347:ERROR:registration_request.cc(291)] Registration response error message: DEPRECATED_ENDPOINT
10월 23, 2024 10:59:17.665 [15092:5972:1023/105917.665:ERROR:registration_request.cc(291)] Registration response error message: DEPRECATED_ENDPOINT
10월 23, 2024 11:00:08.771 [15092:5972:1023/110008.771:ERROR:registration_request.cc(291)] Registration response error message: DEPRECATED_ENDPOINT
10월 23, 2024 11:01:50.571 [15092:5972:1023/110150.571:ERROR:registration_request.cc(291)] Registration response error message: DEPRECATED_ENDPOINT
10월 23, 2024 11:05:49.609 [15092:5972:1023/110549.609:ERROR:registration_request.cc(291)] Registration response error message: DEPRECATED_ENDPOINT
10월 23, 2024 11:09:30.818 [15092:7444:1023/110930.817:ERROR:CONSOLE(1)] "Unknown VE context: language-mismatch    at new He (devtools://devtools/bundled/devtools-frontend/front_end/ui/legacy/legacy.js:1:98356)
10월 23, 2024 11:09:30.818     at devtools://devtools/bundled/devtools-frontend/front_end/ui/legacy/legacy.js:1:191793
10월 23, 2024 11:09:30.818     at new oi (devtools://devtools/bundled/devtools-frontend/front_end/ui/legacy/legacy.js:1:192189)
10월 23, 2024 11:09:30.818     at oi.instance (devtools://devtools/bundled/devtools-frontend/front_end/ui/legacy/legacy.js:1:192311)
10월 23, 2024 11:09:30.818     at O.presentUI (devtools://devtools/bundled/devtools-frontend/front_end/panels/emulation/emulation.js:1:58454)
10월 23, 2024 11:09:30.818     at #I (devtools://devtools/bundled/devtools-frontend/front_end/entrypoints/main/main.js:1:17314)
10월 23, 2024 11:09:30.819     at #x (devtools://devtools/bundled/devtools-frontend/front_end/entrypoints/main/main.js:1:17109)", source: devtools://devtools/bundled/devtools-frontend/front_end/ui/visual_logging/visual_logging.js (1)
10월 23, 2024 11:11:56.404 [15092:5972:1023/111156.404:ERROR:registration_request.cc(291)] Registration response error message: DEPRECATED_ENDPOINT
10월 23, 2024 11:41:51.782 [15092:7444:1023/114151.781:ERROR:CONSOLE(1)] "Unknown VE context: language-mismatch    at new He (devtools://devtools/bundled/devtools-frontend/front_end/ui/legacy/legacy.js:1:98356)
10월 23, 2024 11:41:51.783     at devtools://devtools/bundled/devtools-frontend/front_end/ui/legacy/legacy.js:1:191793
10월 23, 2024 11:41:51.783     at new oi (devtools://devtools/bundled/devtools-frontend/front_end/ui/legacy/legacy.js:1:192189)
10월 23, 2024 11:41:51.783     at oi.instance (devtools://devtools/bundled/devtools-frontend/front_end/ui/legacy/legacy.js:1:192311)
10월 23, 2024 11:41:51.784     at O.presentUI (devtools://devtools/bundled/devtools-frontend/front_end/panels/emulation/emulation.js:1:58454)
10월 23, 2024 11:41:51.784     at #I (devtools://devtools/bundled/devtools-frontend/front_end/entrypoints/main/main.js:1:17314)
10월 23, 2024 11:41:51.784     at #x (devtools://devtools/bundled/devtools-frontend/front_end/entrypoints/main/main.js:1:17109)", source: devtools://devtools/bundled/devtools-frontend/front_end/ui/visual_logging/visual_logging.js (1)
10월 23, 2024 14:22:02.190 Created TensorFlow Lite XNNPACK delegate for CPU.
10월 23, 2024 14:22:02.410 [13264:2384:1023/142202.410:ERROR:registration_request.cc(291)] Registration response error message: DEPRECATED_ENDPOINT
10월 23, 2024 14:22:30.964 [13264:2384:1023/142230.964:ERROR:registration_request.cc(291)] Registration response error message: DEPRECATED_ENDPOINT
10월 23, 2024 14:23:24.519 [13264:2384:1023/142324.519:ERROR:registration_request.cc(291)] Registration response error message: DEPRECATED_ENDPOINT
10월 23, 2024 14:24:58.408 [13264:2384:1023/142458.408:ERROR:registration_request.cc(291)] Registration response error message: DEPRECATED_ENDPOINT
10월 23, 2024 14:28:47.153 [13264:2384:1023/142847.153:ERROR:registration_request.cc(291)] Registration response error message: DEPRECATED_ENDPOINT
10월 23, 2024 14:34:22.177 [13264:2384:1023/143422.177:ERROR:registration_request.cc(291)] Registration response error message: DEPRECATED_ENDPOINT

10월 25, 2024 10:44:54.805 NEW SESSION
10월 25, 2024 10:44:54.805 Created TensorFlow Lite XNNPACK delegate for CPU.
10월 25, 2024 10:44:54.997 [7332:15748:1025/104454.996:ERROR:registration_request.cc(291)] Registration response error message: DEPRECATED_ENDPOINT
10월 25, 2024 10:45:13.484 Created TensorFlow Lite XNNPACK delegate for CPU.
10월 25, 2024 10:45:13.695 [13748:2292:1025/104513.695:ERROR:registration_request.cc(291)] Registration response error message: DEPRECATED_ENDPOINT
10월 25, 2024 10:45:35.839 [13748:2292:1025/104535.839:ERROR:registration_request.cc(291)] Registration response error message: DEPRECATED_ENDPOINT
10월 25, 2024 10:46:26.436 Created TensorFlow Lite XNNPACK delegate for CPU.
10월 25, 2024 10:46:26.641 [11064:10108:1025/104626.640:ERROR:registration_request.cc(291)] Registration response error message: DEPRECATED_ENDPOINT
10월 25, 2024 10:46:54.383 [11064:10108:1025/104654.383:ERROR:registration_request.cc(291)] Registration response error message: DEPRECATED_ENDPOINT
10월 25, 2024 10:47:50.92 [11064:10108:1025/104750.092:ERROR:registration_request.cc(291)] Registration response error message: DEPRECATED_ENDPOINT
10월 25, 2024 10:49:29.846 [11064:10108:1025/104929.830:ERROR:registration_request.cc(291)] Registration response error message: DEPRECATED_ENDPOINT
10월 25, 2024 10:52:44.540 [11064:10108:1025/105244.540:ERROR:registration_request.cc(291)] Registration response error message: DEPRECATED_ENDPOINT
10월 25, 2024 10:58:56.964 [11064:10108:1025/105856.948:ERROR:registration_request.cc(291)] Registration response error message: DEPRECATED_ENDPOINT
10월 25, 2024 11:53:26.763 [11064:9852:1025/115326.763:ERROR:CONSOLE(1)] "Unknown VE context: language-mismatch    at new He (devtools://devtools/bundled/devtools-frontend/front_end/ui/legacy/legacy.js:1:98356)
10월 25, 2024 11:53:26.763     at devtools://devtools/bundled/devtools-frontend/front_end/ui/legacy/legacy.js:1:191793
10월 25, 2024 11:53:26.764     at new oi (devtools://devtools/bundled/devtools-frontend/front_end/ui/legacy/legacy.js:1:192189)
10월 25, 2024 11:53:26.764     at oi.instance (devtools://devtools/bundled/devtools-frontend/front_end/ui/legacy/legacy.js:1:192311)
10월 25, 2024 11:53:26.764     at O.presentUI (devtools://devtools/bundled/devtools-frontend/front_end/panels/emulation/emulation.js:1:58454)
10월 25, 2024 11:53:26.764     at #I (devtools://devtools/bundled/devtools-frontend/front_end/entrypoints/main/main.js:1:17314)
10월 25, 2024 11:53:26.764     at #x (devtools://devtools/bundled/devtools-frontend/front_end/entrypoints/main/main.js:1:17109)", source: devtools://devtools/bundled/devtools-frontend/front_end/ui/visual_logging/visual_logging.js (1)
10월 25, 2024 12:25:37.159 [11064:9852:1025/122537.159:ERROR:CONSOLE(1)] "Unknown VE context: language-mismatch    at new He (devtools://devtools/bundled/devtools-frontend/front_end/ui/legacy/legacy.js:1:98356)
10월 25, 2024 12:25:37.159     at devtools://devtools/bundled/devtools-frontend/front_end/ui/legacy/legacy.js:1:191793
10월 25, 2024 12:25:37.159     at new oi (devtools://devtools/bundled/devtools-frontend/front_end/ui/legacy/legacy.js:1:192189)
10월 25, 2024 12:25:37.159     at oi.instance (devtools://devtools/bundled/devtools-frontend/front_end/ui/legacy/legacy.js:1:192311)
10월 25, 2024 12:25:37.159     at O.presentUI (devtools://devtools/bundled/devtools-frontend/front_end/panels/emulation/emulation.js:1:58454)
10월 25, 2024 12:25:37.159     at #I (devtools://devtools/bundled/devtools-frontend/front_end/entrypoints/main/main.js:1:17314)
10월 25, 2024 12:25:37.159     at #x (devtools://devtools/bundled/devtools-frontend/front_end/entrypoints/main/main.js:1:17109)", source: devtools://devtools/bundled/devtools-frontend/front_end/ui/visual_logging/visual_logging.js (1)
10월 25, 2024 12:26:19.498 [11064:9852:1025/122619.497:ERROR:CONSOLE(1)] "Unknown VE context: language-mismatch    at new He (devtools://devtools/bundled/devtools-frontend/front_end/ui/legacy/legacy.js:1:98356)
10월 25, 2024 12:26:19.498     at devtools://devtools/bundled/devtools-frontend/front_end/ui/legacy/legacy.js:1:191793
10월 25, 2024 12:26:19.498     at new oi (devtools://devtools/bundled/devtools-frontend/front_end/ui/legacy/legacy.js:1:192189)
10월 25, 2024 12:26:19.498     at oi.instance (devtools://devtools/bundled/devtools-frontend/front_end/ui/legacy/legacy.js:1:192311)
10월 25, 2024 12:26:19.498     at O.presentUI (devtools://devtools/bundled/devtools-frontend/front_end/panels/emulation/emulation.js:1:58454)
10월 25, 2024 12:26:19.498     at #I (devtools://devtools/bundled/devtools-frontend/front_end/entrypoints/main/main.js:1:17314)
10월 25, 2024 12:26:19.498     at #x (devtools://devtools/bundled/devtools-frontend/front_end/entrypoints/main/main.js:1:17109)", source: devtools://devtools/bundled/devtools-frontend/front_end/ui/visual_logging/visual_logging.js (1)
10월 25, 2024 12:35:05.213 [11064:9852:1025/123505.213:ERROR:interface_endpoint_client.cc(725)] Message 0 rejected by interface blink.mojom.WidgetHost
10월 25, 2024 12:42:20.658 [11064:9852:1025/124220.657:ERROR:CONSOLE(1)] "Unknown VE context: language-mismatch    at new He (devtools://devtools/bundled/devtools-frontend/front_end/ui/legacy/legacy.js:1:98356)
10월 25, 2024 12:42:20.658     at devtools://devtools/bundled/devtools-frontend/front_end/ui/legacy/legacy.js:1:191793
10월 25, 2024 12:42:20.658     at new oi (devtools://devtools/bundled/devtools-frontend/front_end/ui/legacy/legacy.js:1:192189)
10월 25, 2024 12:42:20.658     at oi.instance (devtools://devtools/bundled/devtools-frontend/front_end/ui/legacy/legacy.js:1:192311)
10월 25, 2024 12:42:20.658     at O.presentUI (devtools://devtools/bundled/devtools-frontend/front_end/panels/emulation/emulation.js:1:58454)
10월 25, 2024 12:42:20.658     at #I (devtools://devtools/bundled/devtools-frontend/front_end/entrypoints/main/main.js:1:17314)
10월 25, 2024 12:42:20.658     at #x (devtools://devtools/bundled/devtools-frontend/front_end/entrypoints/main/main.js:1:17109)", source: devtools://devtools/bundled/devtools-frontend/front_end/ui/visual_logging/visual_logging.js (1)
10월 25, 2024 12:47:19.805 [11064:9852:1025/124719.804:ERROR:CONSOLE(1)] "Unknown VE context: language-mismatch    at new He (devtools://devtools/bundled/devtools-frontend/front_end/ui/legacy/legacy.js:1:98356)
10월 25, 2024 12:47:19.805     at devtools://devtools/bundled/devtools-frontend/front_end/ui/legacy/legacy.js:1:191793
10월 25, 2024 12:47:19.805     at new oi (devtools://devtools/bundled/devtools-frontend/front_end/ui/legacy/legacy.js:1:192189)
10월 25, 2024 12:47:19.805     at oi.instance (devtools://devtools/bundled/devtools-frontend/front_end/ui/legacy/legacy.js:1:192311)
10월 25, 2024 12:47:19.805     at O.presentUI (devtools://devtools/bundled/devtools-frontend/front_end/panels/emulation/emulation.js:1:58454)
10월 25, 2024 12:47:19.805     at #I (devtools://devtools/bundled/devtools-frontend/front_end/entrypoints/main/main.js:1:17314)
10월 25, 2024 12:47:19.806     at #x (devtools://devtools/bundled/devtools-frontend/front_end/entrypoints/main/main.js:1:17109)", source: devtools://devtools/bundled/devtools-frontend/front_end/ui/visual_logging/visual_logging.js (1)
10월 25, 2024 12:47:26.103 [11064:9852:1025/124726.103:ERROR:CONSOLE(1)] "Unknown VE context: language-mismatch    at new He (devtools://devtools/bundled/devtools-frontend/front_end/ui/legacy/legacy.js:1:98356)
10월 25, 2024 12:47:26.104     at devtools://devtools/bundled/devtools-frontend/front_end/ui/legacy/legacy.js:1:191793
10월 25, 2024 12:47:26.104     at new oi (devtools://devtools/bundled/devtools-frontend/front_end/ui/legacy/legacy.js:1:192189)
10월 25, 2024 12:47:26.104     at oi.instance (devtools://devtools/bundled/devtools-frontend/front_end/ui/legacy/legacy.js:1:192311)
10월 25, 2024 12:47:26.104     at O.presentUI (devtools://devtools/bundled/devtools-frontend/front_end/panels/emulation/emulation.js:1:58454)
10월 25, 2024 12:47:26.104     at #I (devtools://devtools/bundled/devtools-frontend/front_end/entrypoints/main/main.js:1:17314)
10월 25, 2024 12:47:26.104     at #x (devtools://devtools/bundled/devtools-frontend/front_end/entrypoints/main/main.js:1:17109)", source: devtools://devtools/bundled/devtools-frontend/front_end/ui/visual_logging/visual_logging.js (1)
10월 25, 2024 13:48:11.994 [11064:9852:1025/134811.993:ERROR:CONSOLE(1)] "Unknown VE context: language-mismatch    at new He (devtools://devtools/bundled/devtools-frontend/front_end/ui/legacy/legacy.js:1:98356)
10월 25, 2024 13:48:11.994     at devtools://devtools/bundled/devtools-frontend/front_end/ui/legacy/legacy.js:1:191793
10월 25, 2024 13:48:11.995     at new oi (devtools://devtools/bundled/devtools-frontend/front_end/ui/legacy/legacy.js:1:192189)
10월 25, 2024 13:48:11.995     at oi.instance (devtools://devtools/bundled/devtools-frontend/front_end/ui/legacy/legacy.js:1:192311)
10월 25, 2024 13:48:11.995     at O.presentUI (devtools://devtools/bundled/devtools-frontend/front_end/panels/emulation/emulation.js:1:58454)
10월 25, 2024 13:48:11.995     at #I (devtools://devtools/bundled/devtools-frontend/front_end/entrypoints/main/main.js:1:17314)
10월 25, 2024 13:48:11.995     at #x (devtools://devtools/bundled/devtools-frontend/front_end/entrypoints/main/main.js:1:17109)", source: devtools://devtools/bundled/devtools-frontend/front_end/ui/visual_logging/visual_logging.js (1)
10월 25, 2024 13:52:07.260 [11064:9852:1025/135207.259:ERROR:CONSOLE(1)] "Unknown VE context: language-mismatch    at new He (devtools://devtools/bundled/devtools-frontend/front_end/ui/legacy/legacy.js:1:98356)
10월 25, 2024 13:52:07.261     at devtools://devtools/bundled/devtools-frontend/front_end/ui/legacy/legacy.js:1:191793
10월 25, 2024 13:52:07.261     at new oi (devtools://devtools/bundled/devtools-frontend/front_end/ui/legacy/legacy.js:1:192189)
10월 25, 2024 13:52:07.261     at oi.instance (devtools://devtools/bundled/devtools-frontend/front_end/ui/legacy/legacy.js:1:192311)
10월 25, 2024 13:52:07.261     at O.presentUI (devtools://devtools/bundled/devtools-frontend/front_end/panels/emulation/emulation.js:1:58454)
10월 25, 2024 13:52:07.261     at #I (devtools://devtools/bundled/devtools-frontend/front_end/entrypoints/main/main.js:1:17314)
10월 25, 2024 13:52:07.261     at #x (devtools://devtools/bundled/devtools-frontend/front_end/entrypoints/main/main.js:1:17109)", source: devtools://devtools/bundled/devtools-frontend/front_end/ui/visual_logging/visual_logging.js (1)
10월 25, 2024 14:08:29.34 [11064:9852:1025/140829.034:ERROR:CONSOLE(1)] "Unknown VE context: language-mismatch    at new He (devtools://devtools/bundled/devtools-frontend/front_end/ui/legacy/legacy.js:1:98356)
10월 25, 2024 14:08:29.34     at devtools://devtools/bundled/devtools-frontend/front_end/ui/legacy/legacy.js:1:191793
10월 25, 2024 14:08:29.34     at new oi (devtools://devtools/bundled/devtools-frontend/front_end/ui/legacy/legacy.js:1:192189)
10월 25, 2024 14:08:29.35     at oi.instance (devtools://devtools/bundled/devtools-frontend/front_end/ui/legacy/legacy.js:1:192311)
10월 25, 2024 14:08:29.35     at O.presentUI (devtools://devtools/bundled/devtools-frontend/front_end/panels/emulation/emulation.js:1:58454)
10월 25, 2024 14:08:29.35     at #I (devtools://devtools/bundled/devtools-frontend/front_end/entrypoints/main/main.js:1:17314)
10월 25, 2024 14:08:29.35     at #x (devtools://devtools/bundled/devtools-frontend/front_end/entrypoints/main/main.js:1:17109)", source: devtools://devtools/bundled/devtools-frontend/front_end/ui/visual_logging/visual_logging.js (1)
10월 25, 2024 14:08:39.864 [11064:9852:1025/140839.863:ERROR:CONSOLE(1)] "Unknown VE context: -o-text-overflow    at a (devtools://devtools/bundled/devtools-frontend/front_end/ui/visual_logging/visual_logging.js:1:64099)
10월 25, 2024 14:08:39.864     at e.Me (devtools://devtools/bundled/devtools-frontend/front_end/ui/visual_logging/visual_logging.js:1:81107)
10월 25, 2024 14:08:39.864     at devtools://devtools/bundled/devtools-frontend/front_end/ui/components/render_coordinator/render_coordinator.js:1:150", source: devtools://devtools/bundled/devtools-frontend/front_end/ui/visual_logging/visual_logging.js (1)
10월 25, 2024 14:27:58.643 [11064:9852:1025/142758.642:ERROR:CONSOLE(1)] "Unknown VE context: language-mismatch    at new He (devtools://devtools/bundled/devtools-frontend/front_end/ui/legacy/legacy.js:1:98356)
10월 25, 2024 14:27:58.643     at devtools://devtools/bundled/devtools-frontend/front_end/ui/legacy/legacy.js:1:191793
10월 25, 2024 14:27:58.643     at new oi (devtools://devtools/bundled/devtools-frontend/front_end/ui/legacy/legacy.js:1:192189)
10월 25, 2024 14:27:58.643     at oi.instance (devtools://devtools/bundled/devtools-frontend/front_end/ui/legacy/legacy.js:1:192311)
10월 25, 2024 14:27:58.643     at O.presentUI (devtools://devtools/bundled/devtools-frontend/front_end/panels/emulation/emulation.js:1:58454)
10월 25, 2024 14:27:58.643     at #I (devtools://devtools/bundled/devtools-frontend/front_end/entrypoints/main/main.js:1:17314)
10월 25, 2024 14:27:58.643     at #x (devtools://devtools/bundled/devtools-frontend/front_end/entrypoints/main/main.js:1:17109)", source: devtools://devtools/bundled/devtools-frontend/front_end/ui/visual_logging/visual_logging.js (1)
10월 25, 2024 14:31:52.245 [11064:9852:1025/143152.244:ERROR:CONSOLE(1)] "Unknown VE context: language-mismatch    at new He (devtools://devtools/bundled/devtools-frontend/front_end/ui/legacy/legacy.js:1:98356)
10월 25, 2024 14:31:52.245     at devtools://devtools/bundled/devtools-frontend/front_end/ui/legacy/legacy.js:1:191793
10월 25, 2024 14:31:52.246     at new oi (devtools://devtools/bundled/devtools-frontend/front_end/ui/legacy/legacy.js:1:192189)
10월 25, 2024 14:31:52.246     at oi.instance (devtools://devtools/bundled/devtools-frontend/front_end/ui/legacy/legacy.js:1:192311)
10월 25, 2024 14:31:52.246     at O.presentUI (devtools://devtools/bundled/devtools-frontend/front_end/panels/emulation/emulation.js:1:58454)
10월 25, 2024 14:31:52.246     at #I (devtools://devtools/bundled/devtools-frontend/front_end/entrypoints/main/main.js:1:17314)
10월 25, 2024 14:31:52.246     at #x (devtools://devtools/bundled/devtools-frontend/front_end/entrypoints/main/main.js:1:17109)", source: devtools://devtools/bundled/devtools-frontend/front_end/ui/visual_logging/visual_logging.js (1)
10월 25, 2024 14:33:03.02 [11064:9852:1025/143303.001:ERROR:CONSOLE(1)] "Unknown VE context: language-mismatch    at new He (devtools://devtools/bundled/devtools-frontend/front_end/ui/legacy/legacy.js:1:98356)
10월 25, 2024 14:33:03.02     at devtools://devtools/bundled/devtools-frontend/front_end/ui/legacy/legacy.js:1:191793
10월 25, 2024 14:33:03.02     at new oi (devtools://devtools/bundled/devtools-frontend/front_end/ui/legacy/legacy.js:1:192189)
10월 25, 2024 14:33:03.02     at oi.instance (devtools://devtools/bundled/devtools-frontend/front_end/ui/legacy/legacy.js:1:192311)
10월 25, 2024 14:33:03.03     at O.presentUI (devtools://devtools/bundled/devtools-frontend/front_end/panels/emulation/emulation.js:1:58454)
10월 25, 2024 14:33:03.03     at #I (devtools://devtools/bundled/devtools-frontend/front_end/entrypoints/main/main.js:1:17314)
10월 25, 2024 14:33:03.03     at #x (devtools://devtools/bundled/devtools-frontend/front_end/entrypoints/main/main.js:1:17109)", source: devtools://devtools/bundled/devtools-frontend/front_end/ui/visual_logging/visual_logging.js (1)
10월 25, 2024 14:34:04.833 [11064:9852:1025/143404.833:ERROR:CONSOLE(1)] "Unknown VE context: language-mismatch    at new He (devtools://devtools/bundled/devtools-frontend/front_end/ui/legacy/legacy.js:1:98356)
10월 25, 2024 14:34:04.834     at devtools://devtools/bundled/devtools-frontend/front_end/ui/legacy/legacy.js:1:191793
10월 25, 2024 14:34:04.834     at new oi (devtools://devtools/bundled/devtools-frontend/front_end/ui/legacy/legacy.js:1:192189)
10월 25, 2024 14:34:04.834     at oi.instance (devtools://devtools/bundled/devtools-frontend/front_end/ui/legacy/legacy.js:1:192311)
10월 25, 2024 14:34:04.834     at O.presentUI (devtools://devtools/bundled/devtools-frontend/front_end/panels/emulation/emulation.js:1:58454)
10월 25, 2024 14:34:04.834     at #I (devtools://devtools/bundled/devtools-frontend/front_end/entrypoints/main/main.js:1:17314)
10월 25, 2024 14:34:04.834     at #x (devtools://devtools/bundled/devtools-frontend/front_end/entrypoints/main/main.js:1:17109)", source: devtools://devtools/bundled/devtools-frontend/front_end/ui/visual_logging/visual_logging.js (1)
10월 25, 2024 14:34:56.364 [11064:9852:1025/143456.364:ERROR:CONSOLE(1)] "Unknown VE context: language-mismatch    at new He (devtools://devtools/bundled/devtools-frontend/front_end/ui/legacy/legacy.js:1:98356)
10월 25, 2024 14:34:56.365     at devtools://devtools/bundled/devtools-frontend/front_end/ui/legacy/legacy.js:1:191793
10월 25, 2024 14:34:56.365     at new oi (devtools://devtools/bundled/devtools-frontend/front_end/ui/legacy/legacy.js:1:192189)
10월 25, 2024 14:34:56.365     at oi.instance (devtools://devtools/bundled/devtools-frontend/front_end/ui/legacy/legacy.js:1:192311)
10월 25, 2024 14:34:56.365     at O.presentUI (devtools://devtools/bundled/devtools-frontend/front_end/panels/emulation/emulation.js:1:58454)
10월 25, 2024 14:34:56.365     at #I (devtools://devtools/bundled/devtools-frontend/front_end/entrypoints/main/main.js:1:17314)
10월 25, 2024 14:34:56.365     at #x (devtools://devtools/bundled/devtools-frontend/front_end/entrypoints/main/main.js:1:17109)", source: devtools://devtools/bundled/devtools-frontend/front_end/ui/visual_logging/visual_logging.js (1)
10월 25, 2024 14:35:41.203 [11064:9852:1025/143541.202:ERROR:CONSOLE(1)] "Unknown VE context: language-mismatch    at new He (devtools://devtools/bundled/devtools-frontend/front_end/ui/legacy/legacy.js:1:98356)
10월 25, 2024 14:35:41.203     at devtools://devtools/bundled/devtools-frontend/front_end/ui/legacy/legacy.js:1:191793
10월 25, 2024 14:35:41.203     at new oi (devtools://devtools/bundled/devtools-frontend/front_end/ui/legacy/legacy.js:1:192189)
10월 25, 2024 14:35:41.203     at oi.instance (devtools://devtools/bundled/devtools-frontend/front_end/ui/legacy/legacy.js:1:192311)
10월 25, 2024 14:35:41.204     at O.presentUI (devtools://devtools/bundled/devtools-frontend/front_end/panels/emulation/emulation.js:1:58454)
10월 25, 2024 14:35:41.204     at #I (devtools://devtools/bundled/devtools-frontend/front_end/entrypoints/main/main.js:1:17314)
10월 25, 2024 14:35:41.204     at #x (devtools://devtools/bundled/devtools-frontend/front_end/entrypoints/main/main.js:1:17109)", source: devtools://devtools/bundled/devtools-frontend/front_end/ui/visual_logging/visual_logging.js (1)
10월 25, 2024 14:45:50.16 [11064:9852:1025/144550.015:ERROR:CONSOLE(1)] "Unknown VE context: language-mismatch    at new He (devtools://devtools/bundled/devtools-frontend/front_end/ui/legacy/legacy.js:1:98356)
10월 25, 2024 14:45:50.16     at devtools://devtools/bundled/devtools-frontend/front_end/ui/legacy/legacy.js:1:191793
10월 25, 2024 14:45:50.16     at new oi (devtools://devtools/bundled/devtools-frontend/front_end/ui/legacy/legacy.js:1:192189)
10월 25, 2024 14:45:50.16     at oi.instance (devtools://devtools/bundled/devtools-frontend/front_end/ui/legacy/legacy.js:1:192311)
10월 25, 2024 14:45:50.16     at O.presentUI (devtools://devtools/bundled/devtools-frontend/front_end/panels/emulation/emulation.js:1:58454)
10월 25, 2024 14:45:50.16     at #I (devtools://devtools/bundled/devtools-frontend/front_end/entrypoints/main/main.js:1:17314)
10월 25, 2024 14:45:50.16     at #x (devtools://devtools/bundled/devtools-frontend/front_end/entrypoints/main/main.js:1:17109)", source: devtools://devtools/bundled/devtools-frontend/front_end/ui/visual_logging/visual_logging.js (1)
10월 25, 2024 14:50:13.170 [11064:9852:1025/145013.170:ERROR:CONSOLE(1)] "Unknown VE context: language-mismatch    at new He (devtools://devtools/bundled/devtools-frontend/front_end/ui/legacy/legacy.js:1:98356)
10월 25, 2024 14:50:13.170     at devtools://devtools/bundled/devtools-frontend/front_end/ui/legacy/legacy.js:1:191793
10월 25, 2024 14:50:13.170     at new oi (devtools://devtools/bundled/devtools-frontend/front_end/ui/legacy/legacy.js:1:192189)
10월 25, 2024 14:50:13.170     at oi.instance (devtools://devtools/bundled/devtools-frontend/front_end/ui/legacy/legacy.js:1:192311)
10월 25, 2024 14:50:13.170     at O.presentUI (devtools://devtools/bundled/devtools-frontend/front_end/panels/emulation/emulation.js:1:58454)
10월 25, 2024 14:50:13.170     at #I (devtools://devtools/bundled/devtools-frontend/front_end/entrypoints/main/main.js:1:17314)
10월 25, 2024 14:50:13.170     at #x (devtools://devtools/bundled/devtools-frontend/front_end/entrypoints/main/main.js:1:17109)", source: devtools://devtools/bundled/devtools-frontend/front_end/ui/visual_logging/visual_logging.js (1)
10월 25, 2024 14:53:40.368 [11064:9852:1025/145340.367:ERROR:CONSOLE(1)] "Unknown VE context: language-mismatch    at new He (devtools://devtools/bundled/devtools-frontend/front_end/ui/legacy/legacy.js:1:98356)
10월 25, 2024 14:53:40.368     at devtools://devtools/bundled/devtools-frontend/front_end/ui/legacy/legacy.js:1:191793
10월 25, 2024 14:53:40.368     at new oi (devtools://devtools/bundled/devtools-frontend/front_end/ui/legacy/legacy.js:1:192189)
10월 25, 2024 14:53:40.368     at oi.instance (devtools://devtools/bundled/devtools-frontend/front_end/ui/legacy/legacy.js:1:192311)
10월 25, 2024 14:53:40.368     at O.presentUI (devtools://devtools/bundled/devtools-frontend/front_end/panels/emulation/emulation.js:1:58454)
10월 25, 2024 14:53:40.368     at #I (devtools://devtools/bundled/devtools-frontend/front_end/entrypoints/main/main.js:1:17314)
10월 25, 2024 14:53:40.368     at #x (devtools://devtools/bundled/devtools-frontend/front_end/entrypoints/main/main.js:1:17109)", source: devtools://devtools/bundled/devtools-frontend/front_end/ui/visual_logging/visual_logging.js (1)
10월 25, 2024 15:47:57.479 [11064:9852:1025/154757.478:ERROR:CONSOLE(1)] "Unknown VE context: language-mismatch    at new He (devtools://devtools/bundled/devtools-frontend/front_end/ui/legacy/legacy.js:1:98356)
10월 25, 2024 15:47:57.480     at devtools://devtools/bundled/devtools-frontend/front_end/ui/legacy/legacy.js:1:191793
10월 25, 2024 15:47:57.480     at new oi (devtools://devtools/bundled/devtools-frontend/front_end/ui/legacy/legacy.js:1:192189)
10월 25, 2024 15:47:57.480     at oi.instance (devtools://devtools/bundled/devtools-frontend/front_end/ui/legacy/legacy.js:1:192311)
10월 25, 2024 15:47:57.480     at O.presentUI (devtools://devtools/bundled/devtools-frontend/front_end/panels/emulation/emulation.js:1:58454)
10월 25, 2024 15:47:57.480     at #I (devtools://devtools/bundled/devtools-frontend/front_end/entrypoints/main/main.js:1:17314)
10월 25, 2024 15:47:57.480     at #x (devtools://devtools/bundled/devtools-frontend/front_end/entrypoints/main/main.js:1:17109)", source: devtools://devtools/bundled/devtools-frontend/front_end/ui/visual_logging/visual_logging.js (1)
10월 25, 2024 15:48:55.322 [11064:9852:1025/154855.322:ERROR:CONSOLE(1)] "Unknown VE context: language-mismatch    at new He (devtools://devtools/bundled/devtools-frontend/front_end/ui/legacy/legacy.js:1:98356)
10월 25, 2024 15:48:55.322     at devtools://devtools/bundled/devtools-frontend/front_end/ui/legacy/legacy.js:1:191793
10월 25, 2024 15:48:55.322     at new oi (devtools://devtools/bundled/devtools-frontend/front_end/ui/legacy/legacy.js:1:192189)
10월 25, 2024 15:48:55.322     at oi.instance (devtools://devtools/bundled/devtools-frontend/front_end/ui/legacy/legacy.js:1:192311)
10월 25, 2024 15:48:55.322     at O.presentUI (devtools://devtools/bundled/devtools-frontend/front_end/panels/emulation/emulation.js:1:58454)
10월 25, 2024 15:48:55.322     at #I (devtools://devtools/bundled/devtools-frontend/front_end/entrypoints/main/main.js:1:17314)
10월 25, 2024 15:48:55.322     at #x (devtools://devtools/bundled/devtools-frontend/front_end/entrypoints/main/main.js:1:17109)", source: devtools://devtools/bundled/devtools-frontend/front_end/ui/visual_logging/visual_logging.js (1)
10월 25, 2024 15:51:40.912 [11064:9852:1025/155140.912:ERROR:CONSOLE(1)] "Unknown VE context: language-mismatch    at new He (devtools://devtools/bundled/devtools-frontend/front_end/ui/legacy/legacy.js:1:98356)
10월 25, 2024 15:51:40.912     at devtools://devtools/bundled/devtools-frontend/front_end/ui/legacy/legacy.js:1:191793
10월 25, 2024 15:51:40.912     at new oi (devtools://devtools/bundled/devtools-frontend/front_end/ui/legacy/legacy.js:1:192189)
10월 25, 2024 15:51:40.912     at oi.instance (devtools://devtools/bundled/devtools-frontend/front_end/ui/legacy/legacy.js:1:192311)
10월 25, 2024 15:51:40.912     at O.presentUI (devtools://devtools/bundled/devtools-frontend/front_end/panels/emulation/emulation.js:1:58454)
10월 25, 2024 15:51:40.912     at #I (devtools://devtools/bundled/devtools-frontend/front_end/entrypoints/main/main.js:1:17314)
10월 25, 2024 15:51:40.913     at #x (devtools://devtools/bundled/devtools-frontend/front_end/entrypoints/main/main.js:1:17109)", source: devtools://devtools/bundled/devtools-frontend/front_end/ui/visual_logging/visual_logging.js (1)
10월 25, 2024 16:06:51.846 [11064:9852:1025/160651.845:ERROR:CONSOLE(1)] "Unknown VE context: language-mismatch    at new He (devtools://devtools/bundled/devtools-frontend/front_end/ui/legacy/legacy.js:1:98356)
10월 25, 2024 16:06:51.847     at devtools://devtools/bundled/devtools-frontend/front_end/ui/legacy/legacy.js:1:191793
10월 25, 2024 16:06:51.847     at new oi (devtools://devtools/bundled/devtools-frontend/front_end/ui/legacy/legacy.js:1:192189)
10월 25, 2024 16:06:51.847     at oi.instance (devtools://devtools/bundled/devtools-frontend/front_end/ui/legacy/legacy.js:1:192311)
10월 25, 2024 16:06:51.847     at O.presentUI (devtools://devtools/bundled/devtools-frontend/front_end/panels/emulation/emulation.js:1:58454)
10월 25, 2024 16:06:51.847     at #I (devtools://devtools/bundled/devtools-frontend/front_end/entrypoints/main/main.js:1:17314)
10월 25, 2024 16:06:51.847     at #x (devtools://devtools/bundled/devtools-frontend/front_end/entrypoints/main/main.js:1:17109)", source: devtools://devtools/bundled/devtools-frontend/front_end/ui/visual_logging/visual_logging.js (1)
10월 25, 2024 16:10:25.907 [11064:9852:1025/161025.907:ERROR:CONSOLE(1)] "Unknown VE context: language-mismatch    at new He (devtools://devtools/bundled/devtools-frontend/front_end/ui/legacy/legacy.js:1:98356)
10월 25, 2024 16:10:25.908     at devtools://devtools/bundled/devtools-frontend/front_end/ui/legacy/legacy.js:1:191793
10월 25, 2024 16:10:25.908     at new oi (devtools://devtools/bundled/devtools-frontend/front_end/ui/legacy/legacy.js:1:192189)
10월 25, 2024 16:10:25.908     at oi.instance (devtools://devtools/bundled/devtools-frontend/front_end/ui/legacy/legacy.js:1:192311)
10월 25, 2024 16:10:25.908     at O.presentUI (devtools://devtools/bundled/devtools-frontend/front_end/panels/emulation/emulation.js:1:58454)
10월 25, 2024 16:10:25.908     at #I (devtools://devtools/bundled/devtools-frontend/front_end/entrypoints/main/main.js:1:17314)
10월 25, 2024 16:10:25.908     at #x (devtools://devtools/bundled/devtools-frontend/front_end/entrypoints/main/main.js:1:17109)", source: devtools://devtools/bundled/devtools-frontend/front_end/ui/visual_logging/visual_logging.js (1)
10월 25, 2024 16:41:05.274 [11064:9852:1025/164105.274:ERROR:CONSOLE(1)] "Unknown VE context: language-mismatch    at new He (devtools://devtools/bundled/devtools-frontend/front_end/ui/legacy/legacy.js:1:98356)
10월 25, 2024 16:41:05.274     at devtools://devtools/bundled/devtools-frontend/front_end/ui/legacy/legacy.js:1:191793
10월 25, 2024 16:41:05.274     at new oi (devtools://devtools/bundled/devtools-frontend/front_end/ui/legacy/legacy.js:1:192189)
10월 25, 2024 16:41:05.274     at oi.instance (devtools://devtools/bundled/devtools-frontend/front_end/ui/legacy/legacy.js:1:192311)
10월 25, 2024 16:41:05.274     at O.presentUI (devtools://devtools/bundled/devtools-frontend/front_end/panels/emulation/emulation.js:1:58454)
10월 25, 2024 16:41:05.274     at #I (devtools://devtools/bundled/devtools-frontend/front_end/entrypoints/main/main.js:1:17314)
10월 25, 2024 16:41:05.274     at #x (devtools://devtools/bundled/devtools-frontend/front_end/entrypoints/main/main.js:1:17109)", source: devtools://devtools/bundled/devtools-frontend/front_end/ui/visual_logging/visual_logging.js (1)
10월 25, 2024 17:14:39.600 [11064:9852:1025/171439.599:ERROR:CONSOLE(1)] "Unknown VE context: language-mismatch    at new He (devtools://devtools/bundled/devtools-frontend/front_end/ui/legacy/legacy.js:1:98356)
10월 25, 2024 17:14:39.601     at devtools://devtools/bundled/devtools-frontend/front_end/ui/legacy/legacy.js:1:191793
10월 25, 2024 17:14:39.601     at new oi (devtools://devtools/bundled/devtools-frontend/front_end/ui/legacy/legacy.js:1:192189)
10월 25, 2024 17:14:39.601     at oi.instance (devtools://devtools/bundled/devtools-frontend/front_end/ui/legacy/legacy.js:1:192311)
10월 25, 2024 17:14:39.601     at O.presentUI (devtools://devtools/bundled/devtools-frontend/front_end/panels/emulation/emulation.js:1:58454)
10월 25, 2024 17:14:39.601     at #I (devtools://devtools/bundled/devtools-frontend/front_end/entrypoints/main/main.js:1:17314)
10월 25, 2024 17:14:39.601     at #x (devtools://devtools/bundled/devtools-frontend/front_end/entrypoints/main/main.js:1:17109)", source: devtools://devtools/bundled/devtools-frontend/front_end/ui/visual_logging/visual_logging.js (1)
10월 25, 2024 17:34:59.591 [11064:9852:1025/173459.590:ERROR:CONSOLE(1)] "Unknown VE context: language-mismatch    at new He (devtools://devtools/bundled/devtools-frontend/front_end/ui/legacy/legacy.js:1:98356)
10월 25, 2024 17:34:59.591     at devtools://devtools/bundled/devtools-frontend/front_end/ui/legacy/legacy.js:1:191793
10월 25, 2024 17:34:59.591     at new oi (devtools://devtools/bundled/devtools-frontend/front_end/ui/legacy/legacy.js:1:192189)
10월 25, 2024 17:34:59.591     at oi.instance (devtools://devtools/bundled/devtools-frontend/front_end/ui/legacy/legacy.js:1:192311)
10월 25, 2024 17:34:59.591     at O.presentUI (devtools://devtools/bundled/devtools-frontend/front_end/panels/emulation/emulation.js:1:58454)
10월 25, 2024 17:34:59.591     at #I (devtools://devtools/bundled/devtools-frontend/front_end/entrypoints/main/main.js:1:17314)
10월 25, 2024 17:34:59.591     at #x (devtools://devtools/bundled/devtools-frontend/front_end/entrypoints/main/main.js:1:17109)", source: devtools://devtools/bundled/devtools-frontend/front_end/ui/visual_logging/visual_logging.js (1)
